Determining if the pthread_create exist failed with the following output:
Change Dir: /home/haolin/Desktop/sqlite-fall2017/build/CMakeFiles/CMakeTmp

Run Build Command:/usr/bin/gmake "cmTryCompileExec1676259630/fast"
/usr/bin/gmake -f CMakeFiles/cmTryCompileExec1676259630.dir/build.make CMakeFiles/cmTryCompileExec1676259630.dir/build
gmake[1]: Entering directory `/home/haolin/Desktop/sqlite-fall2017/build/CMakeFiles/CMakeTmp'
/usr/bin/cmake -E cmake_progress_report /home/haolin/Desktop/sqlite-fall2017/build/CMakeFiles/CMakeTmp/CMakeFiles 1
Building C object CMakeFiles/cmTryCompileExec1676259630.dir/CheckSymbolExists.c.o
/usr/local/gcc-4.9.4/bin/gcc    -o CMakeFiles/cmTryCompileExec1676259630.dir/CheckSymbolExists.c.o   -c /home/haolin/Desktop/sqlite-fall2017/build/CMakeFiles/CMakeTmp/CheckSymbolExists.c
Linking C executable cmTryCompileExec1676259630
/usr/bin/cmake -E cmake_link_script CMakeFiles/cmTryCompileExec1676259630.dir/link.txt --verbose=1
/usr/local/gcc-4.9.4/bin/gcc       CMakeFiles/cmTryCompileExec1676259630.dir/CheckSymbolExists.c.o  -o cmTryCompileExec1676259630 -rdynamic 
CMakeFiles/cmTryCompileExec1676259630.dir/CheckSymbolExists.c.o: In function `main':
CheckSymbolExists.c:(.text+0x16): undefined reference to `pthread_create'
collect2: error: ld returned 1 exit status
gmake[1]: Leaving directory `/home/haolin/Desktop/sqlite-fall2017/build/CMakeFiles/CMakeTmp'
gmake[1]: *** [cmTryCompileExec1676259630] Error 1
gmake: *** [cmTryCompileExec1676259630/fast] Error 2

File /home/haolin/Desktop/sqlite-fall2017/build/CMakeFiles/CMakeTmp/CheckSymbolExists.c:
/* */
#include <pthread.h>

int main(int argc, char** argv)
{
  (void)argv;
#ifndef pthread_create
  return ((int*)(&pthread_create))[argc];
#else
  (void)argc;
  return 0;
#endif
}

Determining if the function pthread_create exists in the pthreads failed with the following output:
Change Dir: /home/haolin/Desktop/sqlite-fall2017/build/CMakeFiles/CMakeTmp

Run Build Command:/usr/bin/gmake "cmTryCompileExec2562059284/fast"
/usr/bin/gmake -f CMakeFiles/cmTryCompileExec2562059284.dir/build.make CMakeFiles/cmTryCompileExec2562059284.dir/build
gmake[1]: Entering directory `/home/haolin/Desktop/sqlite-fall2017/build/CMakeFiles/CMakeTmp'
/usr/bin/cmake -E cmake_progress_report /home/haolin/Desktop/sqlite-fall2017/build/CMakeFiles/CMakeTmp/CMakeFiles 1
Building C object CMakeFiles/cmTryCompileExec2562059284.dir/CheckFunctionExists.c.o
/usr/local/gcc-4.9.4/bin/gcc   -DCHECK_FUNCTION_EXISTS=pthread_create   -o CMakeFiles/cmTryCompileExec2562059284.dir/CheckFunctionExists.c.o   -c /usr/share/cmake/Modules/CheckFunctionExists.c
Linking C executable cmTryCompileExec2562059284
/usr/bin/cmake -E cmake_link_script CMakeFiles/cmTryCompileExec2562059284.dir/link.txt --verbose=1
/usr/local/gcc-4.9.4/bin/gcc   -DCHECK_FUNCTION_EXISTS=pthread_create    CMakeFiles/cmTryCompileExec2562059284.dir/CheckFunctionExists.c.o  -o cmTryCompileExec2562059284 -rdynamic -lpthreads 
/usr/bin/ld: cannot find -lpthreads
collect2: error: ld returned 1 exit status
gmake[1]: Leaving directory `/home/haolin/Desktop/sqlite-fall2017/build/CMakeFiles/CMakeTmp'
gmake[1]: *** [cmTryCompileExec2562059284] Error 1
gmake: *** [cmTryCompileExec2562059284/fast] Error 2


